[2024-09-03 09:38:14.405] [info] [console_user_server] version 15.0.0
[2024-09-03 09:38:14.511] [info] [console_user_server] on_console_changed: on_console:true
[2024-09-03 09:38:14.511] [info] [console_user_server] grabber_client is started.
[2024-09-03 09:38:14.511] [error] [console_user_server] grabber_client connect_failed: No such file or directory
[2024-09-03 09:38:15.586] [error] [console_user_server] grabber_client connect_failed: No such file or directory
[2024-09-03 09:38:16.616] [error] [console_user_server] grabber_client connect_failed: No such file or directory
[2024-09-03 09:38:17.658] [error] [console_user_server] grabber_client connect_failed: No such file or directory
[2024-09-03 09:38:18.670] [error] [console_user_server] grabber_client connect_failed: No such file or directory
[2024-09-03 09:38:19.675] [error] [console_user_server] grabber_client connect_failed: No such file or directory
[2024-09-03 09:38:20.693] [error] [console_user_server] grabber_client connect_failed: No such file or directory
[2024-09-03 09:38:21.697] [error] [console_user_server] grabber_client connect_failed: No such file or directory
[2024-09-03 09:38:22.754] [error] [console_user_server] grabber_client connect_failed: No such file or directory
[2024-09-03 09:38:23.794] [error] [console_user_server] grabber_client connect_failed: No such file or directory
[2024-09-03 09:38:24.808] [error] [console_user_server] grabber_client connect_failed: No such file or directory
[2024-09-03 09:38:25.870] [error] [console_user_server] grabber_client connect_failed: No such file or directory
[2024-09-03 09:38:26.943] [error] [console_user_server] grabber_client connect_failed: No such file or directory
[2024-09-03 09:38:27.977] [error] [console_user_server] grabber_client connect_failed: No such file or directory
[2024-09-03 09:38:29.012] [error] [console_user_server] grabber_client connect_failed: No such file or directory
[2024-09-03 09:38:30.033] [error] [console_user_server] grabber_client connect_failed: No such file or directory
[2024-09-03 09:38:31.034] [error] [console_user_server] grabber_client connect_failed: No such file or directory
[2024-09-03 09:38:32.109] [error] [console_user_server] grabber_client connect_failed: No such file or directory
[2024-09-03 09:38:33.152] [error] [console_user_server] grabber_client connect_failed: No such file or directory
[2024-09-03 09:38:34.228] [error] [console_user_server] grabber_client connect_failed: No such file or directory
[2024-09-03 09:38:35.294] [error] [console_user_server] grabber_client connect_failed: No such file or directory
[2024-09-03 09:38:36.351] [error] [console_user_server] grabber_client connect_failed: No such file or directory
[2024-09-03 09:38:37.404] [error] [console_user_server] grabber_client connect_failed: No such file or directory
[2024-09-03 09:38:38.476] [error] [console_user_server] grabber_client connect_failed: No such file or directory
[2024-09-03 09:38:39.480] [error] [console_user_server] grabber_client connect_failed: No such file or directory
[2024-09-03 09:38:40.513] [error] [console_user_server] grabber_client connect_failed: No such file or directory
[2024-09-03 09:38:41.539] [error] [console_user_server] grabber_client connect_failed: No such file or directory
[2024-09-03 09:38:42.613] [error] [console_user_server] grabber_client connect_failed: No such file or directory
[2024-09-03 09:38:43.687] [error] [console_user_server] grabber_client connect_failed: No such file or directory
[2024-09-03 09:38:44.762] [error] [console_user_server] grabber_client connect_failed: No such file or directory
[2024-09-03 09:38:45.782] [error] [console_user_server] grabber_client connect_failed: No such file or directory
[2024-09-03 09:38:46.851] [error] [console_user_server] grabber_client connect_failed: No such file or directory
[2024-09-03 09:38:47.926] [error] [console_user_server] grabber_client connect_failed: No such file or directory
[2024-09-03 09:38:48.951] [error] [console_user_server] grabber_client connect_failed: No such file or directory
[2024-09-03 09:38:50.021] [error] [console_user_server] grabber_client connect_failed: No such file or directory
[2024-09-03 09:38:51.024] [error] [console_user_server] grabber_client connect_failed: No such file or directory
[2024-09-03 09:38:52.030] [error] [console_user_server] grabber_client connect_failed: No such file or directory
[2024-09-03 09:38:53.102] [error] [console_user_server] grabber_client connect_failed: No such file or directory
[2024-09-03 09:38:54.177] [error] [console_user_server] grabber_client connect_failed: No such file or directory
[2024-09-03 09:38:55.235] [error] [console_user_server] grabber_client connect_failed: No such file or directory
[2024-09-03 09:38:56.304] [error] [console_user_server] grabber_client connect_failed: No such file or directory
[2024-09-03 09:38:57.379] [error] [console_user_server] grabber_client connect_failed: No such file or directory
[2024-09-03 09:38:58.440] [error] [console_user_server] grabber_client connect_failed: No such file or directory
[2024-09-03 09:38:59.513] [error] [console_user_server] grabber_client connect_failed: No such file or directory
[2024-09-03 09:39:00.528] [error] [console_user_server] grabber_client connect_failed: No such file or directory
[2024-09-03 09:39:01.583] [error] [console_user_server] grabber_client connect_failed: No such file or directory
[2024-09-03 09:39:02.657] [error] [console_user_server] grabber_client connect_failed: No such file or directory
[2024-09-03 09:39:03.690] [error] [console_user_server] grabber_client connect_failed: No such file or directory
[2024-09-03 09:39:04.724] [error] [console_user_server] grabber_client connect_failed: No such file or directory
[2024-09-03 09:39:05.756] [error] [console_user_server] grabber_client connect_failed: No such file or directory
[2024-09-03 09:39:06.841] [error] [console_user_server] grabber_client connect_failed: No such file or directory
[2024-09-03 09:39:07.885] [error] [console_user_server] grabber_client connect_failed: No such file or directory
[2024-09-03 09:39:08.970] [error] [console_user_server] grabber_client connect_failed: No such file or directory
[2024-09-03 09:39:10.032] [error] [console_user_server] grabber_client connect_failed: No such file or directory
[2024-09-03 09:39:11.089] [error] [console_user_server] grabber_client connect_failed: No such file or directory
[2024-09-03 09:39:12.120] [error] [console_user_server] grabber_client connect_failed: No such file or directory
[2024-09-03 09:39:13.153] [error] [console_user_server] grabber_client connect_failed: No such file or directory
[2024-09-03 09:39:14.241] [error] [console_user_server] grabber_client connect_failed: No such file or directory
[2024-09-03 09:39:15.273] [error] [console_user_server] grabber_client connect_failed: No such file or directory
[2024-09-03 09:39:16.346] [error] [console_user_server] grabber_client connect_failed: No such file or directory
[2024-09-03 09:39:17.419] [error] [console_user_server] grabber_client connect_failed: No such file or directory
[2024-09-03 09:39:18.454] [error] [console_user_server] grabber_client connect_failed: No such file or directory
[2024-09-03 09:39:19.484] [error] [console_user_server] grabber_client connect_failed: No such file or directory
[2024-09-03 09:39:20.494] [error] [console_user_server] grabber_client connect_failed: No such file or directory
[2024-09-03 09:39:21.554] [error] [console_user_server] grabber_client connect_failed: No such file or directory
[2024-09-03 09:39:22.627] [error] [console_user_server] grabber_client connect_failed: No such file or directory
[2024-09-03 09:39:23.692] [error] [console_user_server] grabber_client connect_failed: No such file or directory
[2024-09-03 09:39:24.723] [error] [console_user_server] grabber_client connect_failed: No such file or directory
[2024-09-03 09:39:25.768] [error] [console_user_server] grabber_client connect_failed: No such file or directory
[2024-09-03 09:39:26.845] [error] [console_user_server] grabber_client connect_failed: No such file or directory
[2024-09-03 09:39:27.917] [error] [console_user_server] grabber_client connect_failed: No such file or directory
[2024-09-03 09:39:28.986] [error] [console_user_server] grabber_client connect_failed: No such file or directory
[2024-09-03 09:39:30.001] [error] [console_user_server] grabber_client connect_failed: No such file or directory
[2024-09-03 09:39:31.036] [error] [console_user_server] grabber_client connect_failed: No such file or directory
[2024-09-03 09:39:32.103] [error] [console_user_server] grabber_client connect_failed: No such file or directory
[2024-09-03 09:39:33.181] [error] [console_user_server] grabber_client connect_failed: No such file or directory
[2024-09-03 09:39:34.203] [error] [console_user_server] grabber_client connect_failed: No such file or directory
[2024-09-03 09:39:35.245] [error] [console_user_server] grabber_client connect_failed: No such file or directory
[2024-09-03 09:39:36.312] [error] [console_user_server] grabber_client connect_failed: No such file or directory
[2024-09-03 09:39:37.360] [error] [console_user_server] grabber_client connect_failed: No such file or directory
[2024-09-03 09:39:38.360] [error] [console_user_server] grabber_client connect_failed: No such file or directory
[2024-09-03 09:39:39.371] [error] [console_user_server] grabber_client connect_failed: No such file or directory
[2024-09-03 09:39:40.383] [error] [console_user_server] grabber_client connect_failed: No such file or directory
[2024-09-03 09:39:41.457] [error] [console_user_server] grabber_client connect_failed: No such file or directory
[2024-09-03 09:39:42.508] [error] [console_user_server] grabber_client connect_failed: No such file or directory
[2024-09-03 09:39:43.513] [error] [console_user_server] grabber_client connect_failed: No such file or directory
[2024-09-03 09:39:44.584] [error] [console_user_server] grabber_client connect_failed: No such file or directory
[2024-09-03 09:39:45.657] [error] [console_user_server] grabber_client connect_failed: No such file or directory
[2024-09-03 09:39:46.691] [error] [console_user_server] grabber_client connect_failed: No such file or directory
[2024-09-03 09:39:47.703] [error] [console_user_server] grabber_client connect_failed: No such file or directory
[2024-09-03 09:39:48.718] [error] [console_user_server] grabber_client connect_failed: No such file or directory
[2024-09-03 09:39:49.788] [error] [console_user_server] grabber_client connect_failed: No such file or directory
[2024-09-03 09:39:50.862] [error] [console_user_server] grabber_client connect_failed: No such file or directory
[2024-09-03 09:39:51.907] [error] [console_user_server] grabber_client connect_failed: No such file or directory
[2024-09-03 09:39:52.982] [error] [console_user_server] grabber_client connect_failed: No such file or directory
[2024-09-03 09:39:54.057] [error] [console_user_server] grabber_client connect_failed: No such file or directory
[2024-09-03 09:39:55.109] [error] [console_user_server] grabber_client connect_failed: No such file or directory
[2024-09-03 09:39:56.153] [error] [console_user_server] grabber_client connect_failed: No such file or directory
[2024-09-03 09:39:57.173] [error] [console_user_server] grabber_client connect_failed: No such file or directory
[2024-09-03 09:39:58.202] [error] [console_user_server] grabber_client connect_failed: No such file or directory
[2024-09-03 09:39:59.220] [error] [console_user_server] grabber_client connect_failed: No such file or directory
[2024-09-03 09:40:00.266] [error] [console_user_server] grabber_client connect_failed: No such file or directory
[2024-09-03 09:40:01.299] [error] [console_user_server] grabber_client connect_failed: No such file or directory
[2024-09-03 09:40:02.322] [error] [console_user_server] grabber_client connect_failed: No such file or directory
[2024-09-03 09:40:03.367] [error] [console_user_server] grabber_client connect_failed: No such file or directory
[2024-09-03 09:40:04.439] [error] [console_user_server] grabber_client connect_failed: No such file or directory
[2024-09-03 09:40:05.514] [error] [console_user_server] grabber_client connect_failed: No such file or directory
[2024-09-03 09:40:06.545] [error] [console_user_server] grabber_client connect_failed: No such file or directory
[2024-09-03 09:40:07.617] [error] [console_user_server] grabber_client connect_failed: No such file or directory
[2024-09-03 09:40:08.674] [error] [console_user_server] grabber_client connect_failed: No such file or directory
[2024-09-03 09:40:09.748] [error] [console_user_server] grabber_client connect_failed: No such file or directory
[2024-09-03 09:40:10.822] [error] [console_user_server] grabber_client connect_failed: No such file or directory
[2024-09-03 09:40:11.845] [error] [console_user_server] grabber_client connect_failed: No such file or directory
[2024-09-03 09:40:12.870] [error] [console_user_server] grabber_client connect_failed: No such file or directory
[2024-09-03 09:40:13.944] [error] [console_user_server] grabber_client connect_failed: No such file or directory
[2024-09-03 09:40:15.021] [error] [console_user_server] grabber_client connect_failed: No such file or directory
[2024-09-03 09:40:16.030] [error] [console_user_server] grabber_client connect_failed: No such file or directory
[2024-09-03 09:40:17.067] [error] [console_user_server] grabber_client connect_failed: No such file or directory
[2024-09-03 09:40:18.129] [error] [console_user_server] grabber_client connect_failed: No such file or directory
[2024-09-03 09:40:19.200] [error] [console_user_server] grabber_client connect_failed: No such file or directory
[2024-09-03 09:40:20.272] [error] [console_user_server] grabber_client connect_failed: No such file or directory
[2024-09-03 09:40:21.312] [error] [console_user_server] grabber_client connect_failed: No such file or directory
[2024-09-03 09:40:22.345] [error] [console_user_server] grabber_client connect_failed: No such file or directory
[2024-09-03 09:40:23.418] [error] [console_user_server] grabber_client connect_failed: No such file or directory
[2024-09-03 09:40:24.432] [error] [console_user_server] grabber_client connect_failed: No such file or directory
[2024-09-03 09:40:25.484] [error] [console_user_server] grabber_client connect_failed: No such file or directory
[2024-09-03 09:40:26.554] [error] [console_user_server] grabber_client connect_failed: No such file or directory
[2024-09-03 09:40:27.601] [error] [console_user_server] grabber_client connect_failed: No such file or directory
[2024-09-03 09:40:28.643] [error] [console_user_server] grabber_client connect_failed: No such file or directory
[2024-09-03 09:40:29.693] [error] [console_user_server] grabber_client connect_failed: No such file or directory
[2024-09-03 09:40:30.744] [error] [console_user_server] grabber_client connect_failed: No such file or directory
[2024-09-03 09:40:31.817] [error] [console_user_server] grabber_client connect_failed: No such file or directory
[2024-09-03 09:40:32.853] [error] [console_user_server] grabber_client connect_failed: No such file or directory
[2024-09-03 09:40:33.927] [error] [console_user_server] grabber_client connect_failed: No such file or directory
[2024-09-03 09:40:35.002] [error] [console_user_server] grabber_client connect_failed: No such file or directory
[2024-09-03 09:40:36.074] [error] [console_user_server] grabber_client connect_failed: No such file or directory
[2024-09-03 09:40:37.121] [error] [console_user_server] grabber_client connect_failed: No such file or directory
[2024-09-03 09:40:38.163] [error] [console_user_server] grabber_client connect_failed: No such file or directory
[2024-09-03 09:40:39.224] [error] [console_user_server] grabber_client connect_failed: No such file or directory
[2024-09-03 09:40:40.300] [error] [console_user_server] grabber_client connect_failed: No such file or directory
[2024-09-03 09:40:41.372] [error] [console_user_server] grabber_client connect_failed: No such file or directory
[2024-09-03 09:40:42.385] [error] [console_user_server] grabber_client connect_failed: No such file or directory
[2024-09-03 09:40:43.423] [error] [console_user_server] grabber_client connect_failed: No such file or directory
[2024-09-03 09:40:44.482] [error] [console_user_server] grabber_client connect_failed: No such file or directory
[2024-09-03 09:40:45.507] [error] [console_user_server] grabber_client connect_failed: No such file or directory
[2024-09-03 09:40:46.581] [error] [console_user_server] grabber_client connect_failed: No such file or directory
[2024-09-03 09:40:47.656] [error] [console_user_server] grabber_client connect_failed: No such file or directory
[2024-09-03 09:40:48.716] [error] [console_user_server] grabber_client connect_failed: No such file or directory
[2024-09-03 09:40:49.745] [error] [console_user_server] grabber_client connect_failed: No such file or directory
[2024-09-03 09:40:50.814] [error] [console_user_server] grabber_client connect_failed: No such file or directory
[2024-09-03 09:40:51.831] [error] [console_user_server] grabber_client connect_failed: No such file or directory
[2024-09-03 09:40:52.907] [error] [console_user_server] grabber_client connect_failed: No such file or directory
[2024-09-03 09:40:53.978] [error] [console_user_server] grabber_client connect_failed: No such file or directory
[2024-09-03 09:40:55.048] [error] [console_user_server] grabber_client connect_failed: No such file or directory
[2024-09-03 09:40:56.124] [error] [console_user_server] grabber_client connect_failed: No such file or directory
[2024-09-03 09:40:57.190] [error] [console_user_server] grabber_client connect_failed: No such file or directory
[2024-09-03 09:40:58.263] [error] [console_user_server] grabber_client connect_failed: No such file or directory
[2024-09-03 09:40:59.287] [error] [console_user_server] grabber_client connect_failed: No such file or directory
[2024-09-03 09:41:00.353] [error] [console_user_server] grabber_client connect_failed: No such file or directory
[2024-09-03 09:41:01.421] [error] [console_user_server] grabber_client connect_failed: No such file or directory
[2024-09-03 09:41:02.483] [error] [console_user_server] grabber_client connect_failed: No such file or directory
[2024-09-03 09:41:03.520] [error] [console_user_server] grabber_client connect_failed: No such file or directory
[2024-09-03 09:41:04.569] [error] [console_user_server] grabber_client connect_failed: No such file or directory
[2024-09-03 09:41:05.583] [error] [console_user_server] grabber_client connect_failed: No such file or directory
[2024-09-03 09:41:06.657] [error] [console_user_server] grabber_client connect_failed: No such file or directory
[2024-09-03 09:41:07.686] [error] [console_user_server] grabber_client connect_failed: No such file or directory
[2024-09-03 09:41:08.735] [error] [console_user_server] grabber_client connect_failed: No such file or directory
[2024-09-03 09:41:09.804] [error] [console_user_server] grabber_client connect_failed: No such file or directory
[2024-09-03 09:41:10.863] [error] [console_user_server] grabber_client connect_failed: No such file or directory
[2024-09-03 09:41:11.939] [error] [console_user_server] grabber_client connect_failed: No such file or directory
[2024-09-03 09:41:12.961] [error] [console_user_server] grabber_client connect_failed: No such file or directory
[2024-09-03 09:41:14.035] [error] [console_user_server] grabber_client connect_failed: No such file or directory
[2024-09-03 09:41:15.109] [error] [console_user_server] grabber_client connect_failed: No such file or directory
[2024-09-03 09:41:16.164] [error] [console_user_server] grabber_client connect_failed: No such file or directory
[2024-09-03 09:41:17.212] [error] [console_user_server] grabber_client connect_failed: No such file or directory
[2024-09-03 09:41:18.279] [error] [console_user_server] grabber_client connect_failed: No such file or directory
[2024-09-03 09:41:19.325] [error] [console_user_server] grabber_client connect_failed: No such file or directory
[2024-09-03 09:41:20.398] [error] [console_user_server] grabber_client connect_failed: No such file or directory
[2024-09-03 09:41:21.472] [error] [console_user_server] grabber_client connect_failed: No such file or directory
[2024-09-03 09:41:22.527] [error] [console_user_server] grabber_client connect_failed: No such file or directory
[2024-09-03 09:41:23.603] [error] [console_user_server] grabber_client connect_failed: No such file or directory
[2024-09-03 09:41:24.661] [error] [console_user_server] grabber_client connect_failed: No such file or directory
[2024-09-03 09:41:25.723] [error] [console_user_server] grabber_client connect_failed: No such file or directory
[2024-09-03 09:41:26.793] [error] [console_user_server] grabber_client connect_failed: No such file or directory
[2024-09-03 09:41:27.869] [error] [console_user_server] grabber_client connect_failed: No such file or directory
[2024-09-03 09:41:28.924] [error] [console_user_server] grabber_client connect_failed: No such file or directory
[2024-09-03 09:41:29.924] [error] [console_user_server] grabber_client connect_failed: No such file or directory
[2024-09-03 09:41:30.992] [error] [console_user_server] grabber_client connect_failed: No such file or directory
[2024-09-03 09:41:32.046] [error] [console_user_server] grabber_client connect_failed: No such file or directory
[2024-09-03 09:41:33.079] [error] [console_user_server] grabber_client connect_failed: No such file or directory
[2024-09-03 09:41:34.154] [error] [console_user_server] grabber_client connect_failed: No such file or directory
[2024-09-03 09:41:35.172] [error] [console_user_server] grabber_client connect_failed: No such file or directory
[2024-09-03 09:41:36.237] [error] [console_user_server] grabber_client connect_failed: No such file or directory
[2024-09-03 09:41:37.287] [error] [console_user_server] grabber_client connect_failed: No such file or directory
[2024-09-03 09:41:38.333] [error] [console_user_server] grabber_client connect_failed: No such file or directory
[2024-09-03 09:41:39.347] [error] [console_user_server] grabber_client connect_failed: No such file or directory
[2024-09-03 09:41:40.423] [error] [console_user_server] grabber_client connect_failed: No such file or directory
[2024-09-03 09:41:41.434] [error] [console_user_server] grabber_client connect_failed: No such file or directory
[2024-09-03 09:41:42.508] [error] [console_user_server] grabber_client connect_failed: No such file or directory
[2024-09-03 09:41:43.543] [error] [console_user_server] grabber_client connect_failed: No such file or directory
[2024-09-03 09:41:44.618] [error] [console_user_server] grabber_client connect_failed: No such file or directory
[2024-09-03 09:41:45.625] [error] [console_user_server] grabber_client connect_failed: No such file or directory
[2024-09-03 09:41:46.691] [error] [console_user_server] grabber_client connect_failed: No such file or directory
[2024-09-03 09:41:47.693] [error] [console_user_server] grabber_client connect_failed: No such file or directory
[2024-09-03 09:41:48.736] [error] [console_user_server] grabber_client connect_failed: No such file or directory
[2024-09-03 09:41:49.741] [error] [console_user_server] grabber_client connect_failed: No such file or directory
[2024-09-03 09:41:50.813] [error] [console_user_server] grabber_client connect_failed: No such file or directory
[2024-09-03 09:41:51.815] [error] [console_user_server] grabber_client connect_failed: No such file or directory
[2024-09-03 09:41:52.865] [error] [console_user_server] grabber_client connect_failed: No such file or directory
[2024-09-03 09:41:53.941] [error] [console_user_server] grabber_client connect_failed: No such file or directory
[2024-09-03 09:41:55.012] [error] [console_user_server] grabber_client connect_failed: No such file or directory
[2024-09-03 09:41:56.085] [error] [console_user_server] grabber_client connect_failed: No such file or directory
[2024-09-03 09:41:57.093] [error] [console_user_server] grabber_client connect_failed: No such file or directory
[2024-09-03 09:41:58.149] [error] [console_user_server] grabber_client connect_failed: No such file or directory
[2024-09-03 09:41:59.150] [error] [console_user_server] grabber_client connect_failed: No such file or directory
[2024-09-03 09:42:00.183] [error] [console_user_server] grabber_client connect_failed: No such file or directory
[2024-09-03 09:42:01.257] [error] [console_user_server] grabber_client connect_failed: No such file or directory
[2024-09-03 09:42:02.285] [error] [console_user_server] grabber_client connect_failed: No such file or directory
[2024-09-03 09:42:03.334] [error] [console_user_server] grabber_client connect_failed: No such file or directory
[2024-09-03 09:42:04.375] [error] [console_user_server] grabber_client connect_failed: No such file or directory
[2024-09-03 09:42:05.448] [error] [console_user_server] grabber_client connect_failed: No such file or directory
[2024-09-03 09:42:06.497] [error] [console_user_server] grabber_client connect_failed: No such file or directory
[2024-09-03 09:42:07.544] [error] [console_user_server] grabber_client connect_failed: No such file or directory
[2024-09-03 09:42:08.618] [error] [console_user_server] grabber_client connect_failed: No such file or directory
[2024-09-03 09:42:09.652] [error] [console_user_server] grabber_client connect_failed: No such file or directory
[2024-09-03 09:42:10.717] [error] [console_user_server] grabber_client connect_failed: No such file or directory
[2024-09-03 09:42:11.758] [error] [console_user_server] grabber_client connect_failed: No such file or directory
[2024-09-03 09:42:12.833] [error] [console_user_server] grabber_client connect_failed: No such file or directory
[2024-09-03 09:42:13.875] [error] [console_user_server] grabber_client connect_failed: No such file or directory
[2024-09-03 09:42:14.932] [error] [console_user_server] grabber_client connect_failed: No such file or directory
[2024-09-03 09:42:15.979] [error] [console_user_server] grabber_client connect_failed: No such file or directory
[2024-09-03 09:42:17.044] [error] [console_user_server] grabber_client connect_failed: No such file or directory
[2024-09-03 09:42:18.098] [error] [console_user_server] grabber_client connect_failed: No such file or directory
[2024-09-03 09:42:19.107] [error] [console_user_server] grabber_client connect_failed: No such file or directory
[2024-09-03 09:42:20.182] [error] [console_user_server] grabber_client connect_failed: No such file or directory
[2024-09-03 09:42:21.184] [error] [console_user_server] grabber_client connect_failed: No such file or directory
[2024-09-03 09:42:22.185] [error] [console_user_server] grabber_client connect_failed: No such file or directory
[2024-09-03 09:42:23.265] [error] [console_user_server] grabber_client connect_failed: No such file or directory
[2024-09-03 09:42:24.321] [error] [console_user_server] grabber_client connect_failed: No such file or directory
[2024-09-03 09:42:25.383] [error] [console_user_server] grabber_client connect_failed: No such file or directory
[2024-09-03 09:42:26.440] [error] [console_user_server] grabber_client connect_failed: No such file or directory
[2024-09-03 09:42:27.504] [error] [console_user_server] grabber_client connect_failed: No such file or directory
[2024-09-03 09:42:28.578] [error] [console_user_server] grabber_client connect_failed: No such file or directory
[2024-09-03 09:42:29.612] [error] [console_user_server] grabber_client connect_failed: No such file or directory
[2024-09-03 09:42:30.613] [error] [console_user_server] grabber_client connect_failed: No such file or directory
[2024-09-03 09:42:31.677] [error] [console_user_server] grabber_client connect_failed: No such file or directory
[2024-09-03 09:42:32.722] [error] [console_user_server] grabber_client connect_failed: No such file or directory
[2024-09-03 09:42:33.793] [error] [console_user_server] grabber_client connect_failed: No such file or directory
[2024-09-03 09:42:34.845] [error] [console_user_server] grabber_client connect_failed: No such file or directory
[2024-09-03 09:42:35.850] [error] [console_user_server] grabber_client connect_failed: No such file or directory
[2024-09-03 09:42:36.916] [error] [console_user_server] grabber_client connect_failed: No such file or directory
[2024-09-03 09:42:37.965] [error] [console_user_server] grabber_client connect_failed: No such file or directory
[2024-09-03 09:42:39.044] [error] [console_user_server] grabber_client connect_failed: No such file or directory
[2024-09-03 09:42:40.055] [error] [console_user_server] grabber_client connect_failed: No such file or directory
[2024-09-03 09:42:41.102] [error] [console_user_server] grabber_client connect_failed: No such file or directory
[2024-09-03 09:42:42.161] [error] [console_user_server] grabber_client connect_failed: No such file or directory
[2024-09-03 09:42:43.212] [error] [console_user_server] grabber_client connect_failed: No such file or directory
[2024-09-03 09:42:44.236] [error] [console_user_server] grabber_client connect_failed: No such file or directory
[2024-09-03 09:42:45.288] [error] [console_user_server] grabber_client connect_failed: No such file or directory
[2024-09-03 09:42:46.341] [error] [console_user_server] grabber_client connect_failed: No such file or directory
[2024-09-03 09:42:47.388] [error] [console_user_server] grabber_client connect_failed: No such file or directory
[2024-09-03 09:42:48.454] [error] [console_user_server] grabber_client connect_failed: No such file or directory
[2024-09-03 09:42:49.528] [error] [console_user_server] grabber_client connect_failed: No such file or directory
[2024-09-03 09:42:50.540] [error] [console_user_server] grabber_client connect_failed: No such file or directory
[2024-09-03 09:42:51.593] [error] [console_user_server] grabber_client connect_failed: No such file or directory
[2024-09-03 09:42:52.595] [error] [console_user_server] grabber_client connect_failed: No such file or directory
[2024-09-03 09:42:53.644] [error] [console_user_server] grabber_client connect_failed: No such file or directory
[2024-09-03 09:42:54.655] [error] [console_user_server] grabber_client connect_failed: No such file or directory
[2024-09-03 09:42:55.674] [error] [console_user_server] grabber_client connect_failed: No such file or directory
[2024-09-03 09:42:56.733] [error] [console_user_server] grabber_client connect_failed: No such file or directory
[2024-09-03 09:42:57.734] [error] [console_user_server] grabber_client connect_failed: No such file or directory
[2024-09-03 09:42:58.768] [error] [console_user_server] grabber_client connect_failed: No such file or directory
[2024-09-03 09:42:59.816] [error] [console_user_server] grabber_client connect_failed: No such file or directory
[2024-09-03 09:43:00.829] [error] [console_user_server] grabber_client connect_failed: No such file or directory
[2024-09-03 09:43:01.869] [error] [console_user_server] grabber_client connect_failed: No such file or directory
[2024-09-03 09:43:02.940] [error] [console_user_server] grabber_client connect_failed: No such file or directory
[2024-09-03 09:43:04.006] [error] [console_user_server] grabber_client connect_failed: No such file or directory
[2024-09-03 09:43:05.082] [error] [console_user_server] grabber_client connect_failed: No such file or directory
[2024-09-03 09:43:06.133] [error] [console_user_server] grabber_client connect_failed: No such file or directory
[2024-09-03 09:43:07.206] [error] [console_user_server] grabber_client connect_failed: No such file or directory
[2024-09-03 09:43:08.281] [error] [console_user_server] grabber_client connect_failed: No such file or directory
[2024-09-03 09:43:09.334] [error] [console_user_server] grabber_client connect_failed: No such file or directory
[2024-09-03 09:43:10.404] [error] [console_user_server] grabber_client connect_failed: No such file or directory
[2024-09-03 09:43:11.404] [error] [console_user_server] grabber_client connect_failed: No such file or directory
[2024-09-03 09:43:12.479] [error] [console_user_server] grabber_client connect_failed: No such file or directory
[2024-09-03 09:43:13.542] [error] [console_user_server] grabber_client connect_failed: No such file or directory
[2024-09-03 09:43:14.604] [error] [console_user_server] grabber_client connect_failed: No such file or directory
[2024-09-03 09:43:15.618] [error] [console_user_server] grabber_client connect_failed: No such file or directory
[2024-09-03 09:43:16.685] [error] [console_user_server] grabber_client connect_failed: No such file or directory
[2024-09-03 09:43:17.756] [error] [console_user_server] grabber_client connect_failed: No such file or directory
[2024-09-03 09:43:18.804] [error] [console_user_server] grabber_client connect_failed: No such file or directory
[2024-09-03 09:43:19.826] [error] [console_user_server] grabber_client connect_failed: No such file or directory
[2024-09-03 09:43:20.902] [error] [console_user_server] grabber_client connect_failed: No such file or directory
[2024-09-03 09:43:21.904] [error] [console_user_server] grabber_client connect_failed: No such file or directory
[2024-09-03 09:43:22.909] [error] [console_user_server] grabber_client connect_failed: No such file or directory
[2024-09-03 09:43:23.964] [error] [console_user_server] grabber_client connect_failed: No such file or directory
[2024-09-03 09:43:25.041] [error] [console_user_server] grabber_client connect_failed: No such file or directory
[2024-09-03 09:43:26.117] [error] [console_user_server] grabber_client connect_failed: No such file or directory
[2024-09-03 09:43:27.174] [error] [console_user_server] grabber_client connect_failed: No such file or directory
[2024-09-03 09:43:28.243] [error] [console_user_server] grabber_client connect_failed: No such file or directory
[2024-09-03 09:43:29.313] [error] [console_user_server] grabber_client connect_failed: No such file or directory
[2024-09-03 09:43:30.324] [error] [console_user_server] grabber_client connect_failed: No such file or directory
[2024-09-03 09:43:31.394] [error] [console_user_server] grabber_client connect_failed: No such file or directory
[2024-09-03 09:43:32.465] [error] [console_user_server] grabber_client connect_failed: No such file or directory
[2024-09-03 09:43:33.518] [error] [console_user_server] grabber_client connect_failed: No such file or directory
[2024-09-03 09:43:34.520] [error] [console_user_server] grabber_client connect_failed: No such file or directory
[2024-09-03 09:43:35.595] [error] [console_user_server] grabber_client connect_failed: No such file or directory
[2024-09-03 09:43:36.618] [error] [console_user_server] grabber_client connect_failed: No such file or directory
[2024-09-03 09:43:37.665] [error] [console_user_server] grabber_client connect_failed: No such file or directory
[2024-09-03 09:43:38.739] [error] [console_user_server] grabber_client connect_failed: No such file or directory
[2024-09-03 09:43:39.798] [error] [console_user_server] grabber_client connect_failed: No such file or directory
[2024-09-03 09:43:40.825] [error] [console_user_server] grabber_client connect_failed: No such file or directory
[2024-09-03 09:43:41.872] [error] [console_user_server] grabber_client connect_failed: No such file or directory
[2024-09-03 09:43:42.947] [error] [console_user_server] grabber_client connect_failed: No such file or directory
[2024-09-03 09:43:43.995] [error] [console_user_server] grabber_client connect_failed: No such file or directory
[2024-09-03 09:43:45.006] [error] [console_user_server] grabber_client connect_failed: No such file or directory
[2024-09-03 09:43:46.042] [error] [console_user_server] grabber_client connect_failed: No such file or directory
[2024-09-03 09:43:47.113] [error] [console_user_server] grabber_client connect_failed: No such file or directory
[2024-09-03 09:43:48.175] [error] [console_user_server] grabber_client connect_failed: No such file or directory
[2024-09-03 09:43:49.199] [error] [console_user_server] grabber_client connect_failed: No such file or directory
[2024-09-03 09:43:50.274] [error] [console_user_server] grabber_client connect_failed: No such file or directory
[2024-09-03 09:43:51.308] [error] [console_user_server] grabber_client connect_failed: No such file or directory
[2024-09-03 09:43:52.322] [error] [console_user_server] grabber_client connect_failed: No such file or directory
[2024-09-03 09:43:53.374] [error] [console_user_server] grabber_client connect_failed: No such file or directory
[2024-09-03 09:43:54.379] [error] [console_user_server] grabber_client connect_failed: No such file or directory
[2024-09-03 09:43:55.454] [error] [console_user_server] grabber_client connect_failed: No such file or directory
[2024-09-03 09:43:56.520] [error] [console_user_server] grabber_client connect_failed: No such file or directory
[2024-09-03 09:43:57.592] [error] [console_user_server] grabber_client connect_failed: No such file or directory
[2024-09-03 09:43:58.633] [error] [console_user_server] grabber_client connect_failed: No such file or directory
[2024-09-03 09:43:59.706] [error] [console_user_server] grabber_client connect_failed: No such file or directory
[2024-09-03 09:44:00.764] [error] [console_user_server] grabber_client connect_failed: No such file or directory
[2024-09-03 09:44:01.826] [error] [console_user_server] grabber_client connect_failed: No such file or directory
[2024-09-03 09:44:02.898] [error] [console_user_server] grabber_client connect_failed: No such file or directory
[2024-09-03 09:44:03.955] [error] [console_user_server] grabber_client connect_failed: No such file or directory
[2024-09-03 09:44:05.004] [error] [console_user_server] grabber_client connect_failed: No such file or directory
[2024-09-03 09:44:06.019] [error] [console_user_server] grabber_client connect_failed: No such file or directory
[2024-09-03 09:44:07.088] [error] [console_user_server] grabber_client connect_failed: No such file or directory
[2024-09-03 09:44:08.161] [error] [console_user_server] grabber_client connect_failed: No such file or directory
[2024-09-03 09:44:09.237] [error] [console_user_server] grabber_client connect_failed: No such file or directory
[2024-09-03 09:44:10.290] [error] [console_user_server] grabber_client connect_failed: No such file or directory
[2024-09-03 09:44:11.362] [error] [console_user_server] grabber_client connect_failed: No such file or directory
[2024-09-03 09:44:12.380] [error] [console_user_server] grabber_client connect_failed: No such file or directory
[2024-09-03 09:44:13.420] [error] [console_user_server] grabber_client connect_failed: No such file or directory
[2024-09-03 09:44:14.453] [error] [console_user_server] grabber_client connect_failed: No such file or directory
[2024-09-03 09:44:15.514] [error] [console_user_server] grabber_client connect_failed: No such file or directory
[2024-09-03 09:44:16.589] [error] [console_user_server] grabber_client connect_failed: No such file or directory
[2024-09-03 09:44:17.664] [error] [console_user_server] grabber_client connect_failed: No such file or directory
[2024-09-03 09:44:18.695] [error] [console_user_server] grabber_client connect_failed: No such file or directory
[2024-09-03 09:44:19.748] [error] [console_user_server] grabber_client connect_failed: No such file or directory
[2024-09-03 09:44:20.819] [error] [console_user_server] grabber_client connect_failed: No such file or directory
[2024-09-03 09:44:21.893] [error] [console_user_server] grabber_client connect_failed: No such file or directory
[2024-09-03 09:44:22.941] [error] [console_user_server] grabber_client connect_failed: No such file or directory
[2024-09-03 09:44:23.966] [error] [console_user_server] grabber_client connect_failed: No such file or directory
[2024-09-03 09:44:24.976] [error] [console_user_server] grabber_client connect_failed: No such file or directory
[2024-09-03 09:44:26.052] [error] [console_user_server] grabber_client connect_failed: No such file or directory
[2024-09-03 09:44:27.124] [error] [console_user_server] grabber_client connect_failed: No such file or directory
[2024-09-03 09:44:28.197] [error] [console_user_server] grabber_client connect_failed: No such file or directory
[2024-09-03 09:44:29.229] [error] [console_user_server] grabber_client connect_failed: No such file or directory
[2024-09-03 09:44:30.289] [error] [console_user_server] grabber_client connect_failed: No such file or directory
[2024-09-03 09:44:31.306] [error] [console_user_server] grabber_client connect_failed: No such file or directory
[2024-09-03 09:44:32.352] [error] [console_user_server] grabber_client connect_failed: No such file or directory
[2024-09-03 09:44:33.427] [error] [console_user_server] grabber_client connect_failed: No such file or directory
[2024-09-03 09:44:34.487] [error] [console_user_server] grabber_client connect_failed: No such file or directory
[2024-09-03 09:44:35.495] [error] [console_user_server] grabber_client connect_failed: No such file or directory
[2024-09-03 09:44:36.569] [error] [console_user_server] grabber_client connect_failed: No such file or directory
[2024-09-03 09:44:37.639] [error] [console_user_server] grabber_client connect_failed: No such file or directory
[2024-09-03 09:44:38.645] [error] [console_user_server] grabber_client connect_failed: No such file or directory
[2024-09-03 09:44:39.723] [error] [console_user_server] grabber_client connect_failed: No such file or directory
[2024-09-03 09:44:40.783] [error] [console_user_server] grabber_client connect_failed: No such file or directory
[2024-09-03 09:44:41.856] [error] [console_user_server] grabber_client connect_failed: No such file or directory
[2024-09-03 09:44:42.868] [error] [console_user_server] grabber_client connect_failed: No such file or directory
[2024-09-03 09:44:43.868] [error] [console_user_server] grabber_client connect_failed: No such file or directory
[2024-09-03 09:44:44.932] [error] [console_user_server] grabber_client connect_failed: No such file or directory
[2024-09-03 09:44:45.975] [error] [console_user_server] grabber_client connect_failed: No such file or directory
[2024-09-03 09:44:47.050] [error] [console_user_server] grabber_client connect_failed: No such file or directory
[2024-09-03 09:44:48.106] [error] [console_user_server] grabber_client connect_failed: No such file or directory
[2024-09-03 09:44:49.177] [error] [console_user_server] grabber_client connect_failed: No such file or directory
[2024-09-03 09:44:50.243] [error] [console_user_server] grabber_client connect_failed: No such file or directory
[2024-09-03 09:44:51.316] [error] [console_user_server] grabber_client connect_failed: No such file or directory
[2024-09-03 09:44:52.362] [error] [console_user_server] grabber_client connect_failed: No such file or directory
[2024-09-03 09:44:53.430] [error] [console_user_server] grabber_client connect_failed: No such file or directory
[2024-09-03 09:44:54.488] [error] [console_user_server] grabber_client connect_failed: No such file or directory
[2024-09-03 09:44:55.541] [error] [console_user_server] grabber_client connect_failed: No such file or directory
[2024-09-03 09:44:56.601] [error] [console_user_server] grabber_client connect_failed: No such file or directory
[2024-09-03 09:44:57.625] [error] [console_user_server] grabber_client connect_failed: No such file or directory
[2024-09-03 09:44:58.699] [error] [console_user_server] grabber_client connect_failed: No such file or directory
[2024-09-03 09:44:59.699] [error] [console_user_server] grabber_client connect_failed: No such file or directory
[2024-09-03 09:45:00.768] [error] [console_user_server] grabber_client connect_failed: No such file or directory
[2024-09-03 09:45:01.788] [error] [console_user_server] grabber_client connect_failed: No such file or directory
[2024-09-03 09:45:02.801] [error] [console_user_server] grabber_client connect_failed: No such file or directory
[2024-09-03 09:45:03.838] [error] [console_user_server] grabber_client connect_failed: No such file or directory
[2024-09-03 09:45:04.855] [error] [console_user_server] grabber_client connect_failed: No such file or directory
[2024-09-03 09:45:05.930] [error] [console_user_server] grabber_client connect_failed: No such file or directory
[2024-09-03 09:45:07.003] [error] [console_user_server] grabber_client connect_failed: No such file or directory
[2024-09-03 09:45:08.042] [error] [console_user_server] grabber_client connect_failed: No such file or directory
[2024-09-03 09:45:09.105] [error] [console_user_server] grabber_client connect_failed: No such file or directory
[2024-09-03 09:45:10.112] [error] [console_user_server] grabber_client connect_failed: No such file or directory
[2024-09-03 09:45:11.175] [error] [console_user_server] grabber_client connect_failed: No such file or directory
[2024-09-03 09:45:12.237] [error] [console_user_server] grabber_client connect_failed: No such file or directory
[2024-09-03 09:45:13.265] [error] [console_user_server] grabber_client connect_failed: No such file or directory
[2024-09-03 09:45:14.317] [error] [console_user_server] grabber_client connect_failed: No such file or directory
[2024-09-03 09:45:15.326] [error] [console_user_server] grabber_client connect_failed: No such file or directory
[2024-09-03 09:45:16.399] [error] [console_user_server] grabber_client connect_failed: No such file or directory
[2024-09-03 09:45:17.474] [error] [console_user_server] grabber_client connect_failed: No such file or directory
[2024-09-03 09:45:18.541] [error] [console_user_server] grabber_client connect_failed: No such file or directory
[2024-09-03 09:45:19.612] [error] [console_user_server] grabber_client connect_failed: No such file or directory
[2024-09-03 09:45:20.685] [error] [console_user_server] grabber_client connect_failed: No such file or directory
[2024-09-03 09:45:21.743] [error] [console_user_server] grabber_client connect_failed: No such file or directory
[2024-09-03 09:45:22.772] [error] [console_user_server] grabber_client connect_failed: No such file or directory
[2024-09-03 09:45:23.836] [error] [console_user_server] grabber_client connect_failed: No such file or directory
[2024-09-03 09:45:24.912] [error] [console_user_server] grabber_client connect_failed: No such file or directory
[2024-09-03 09:45:25.922] [error] [console_user_server] grabber_client connect_failed: No such file or directory
[2024-09-03 09:45:26.949] [error] [console_user_server] grabber_client connect_failed: No such file or directory
[2024-09-03 09:45:28.020] [error] [console_user_server] grabber_client connect_failed: No such file or directory
[2024-09-03 09:45:29.083] [error] [console_user_server] grabber_client connect_failed: No such file or directory
[2024-09-03 09:45:30.149] [error] [console_user_server] grabber_client connect_failed: No such file or directory
[2024-09-03 09:45:31.216] [error] [console_user_server] grabber_client connect_failed: No such file or directory
[2024-09-03 09:45:32.255] [error] [console_user_server] grabber_client connect_failed: No such file or directory
[2024-09-03 09:45:33.296] [error] [console_user_server] grabber_client connect_failed: No such file or directory
[2024-09-03 09:45:34.331] [error] [console_user_server] grabber_client connect_failed: No such file or directory
[2024-09-03 09:45:35.346] [error] [console_user_server] grabber_client connect_failed: No such file or directory
[2024-09-03 09:45:36.421] [error] [console_user_server] grabber_client connect_failed: No such file or directory
[2024-09-03 09:45:37.494] [error] [console_user_server] grabber_client connect_failed: No such file or directory
[2024-09-03 09:45:38.504] [error] [console_user_server] grabber_client connect_failed: No such file or directory
[2024-09-03 09:45:39.576] [error] [console_user_server] grabber_client connect_failed: No such file or directory
[2024-09-03 09:45:40.646] [error] [console_user_server] grabber_client connect_failed: No such file or directory
[2024-09-03 09:45:41.714] [error] [console_user_server] grabber_client connect_failed: No such file or directory
[2024-09-03 09:45:42.762] [error] [console_user_server] grabber_client connect_failed: No such file or directory
[2024-09-03 09:45:43.765] [error] [console_user_server] grabber_client connect_failed: No such file or directory
[2024-09-03 09:45:44.826] [error] [console_user_server] grabber_client connect_failed: No such file or directory
[2024-09-03 09:45:45.875] [error] [console_user_server] grabber_client connect_failed: No such file or directory
[2024-09-03 09:45:46.884] [error] [console_user_server] grabber_client connect_failed: No such file or directory
[2024-09-03 09:45:47.957] [error] [console_user_server] grabber_client connect_failed: No such file or directory
[2024-09-03 09:45:48.988] [error] [console_user_server] grabber_client connect_failed: No such file or directory
[2024-09-03 09:45:50.044] [error] [console_user_server] grabber_client connect_failed: No such file or directory
[2024-09-03 09:45:51.113] [error] [console_user_server] grabber_client connect_failed: No such file or directory
[2024-09-03 09:45:52.152] [error] [console_user_server] grabber_client connect_failed: No such file or directory
[2024-09-03 09:45:53.158] [error] [console_user_server] grabber_client connect_failed: No such file or directory
[2024-09-03 09:45:54.214] [error] [console_user_server] grabber_client connect_failed: No such file or directory
[2024-09-03 09:45:55.283] [error] [console_user_server] grabber_client connect_failed: No such file or directory
[2024-09-03 09:45:56.307] [error] [console_user_server] grabber_client connect_failed: No such file or directory
[2024-09-03 09:45:57.314] [error] [console_user_server] grabber_client connect_failed: No such file or directory
[2024-09-03 09:45:58.365] [error] [console_user_server] grabber_client connect_failed: No such file or directory
[2024-09-03 09:45:59.393] [error] [console_user_server] grabber_client connect_failed: No such file or directory
[2024-09-03 09:46:00.398] [error] [console_user_server] grabber_client connect_failed: No such file or directory
[2024-09-03 09:46:01.473] [error] [console_user_server] grabber_client connect_failed: No such file or directory
[2024-09-03 09:46:02.502] [error] [console_user_server] grabber_client connect_failed: No such file or directory
[2024-09-03 09:46:03.543] [error] [console_user_server] grabber_client connect_failed: No such file or directory
[2024-09-03 09:46:04.614] [error] [console_user_server] grabber_client connect_failed: No such file or directory
[2024-09-03 09:46:05.660] [error] [console_user_server] grabber_client connect_failed: No such file or directory
[2024-09-03 09:46:06.733] [error] [console_user_server] grabber_client connect_failed: No such file or directory
[2024-09-03 09:46:07.806] [error] [console_user_server] grabber_client connect_failed: No such file or directory
[2024-09-03 09:46:08.872] [error] [console_user_server] grabber_client connect_failed: No such file or directory
[2024-09-03 09:46:09.906] [error] [console_user_server] grabber_client connect_failed: No such file or directory
[2024-09-03 09:46:10.934] [error] [console_user_server] grabber_client connect_failed: No such file or directory
[2024-09-03 09:46:11.984] [error] [console_user_server] grabber_client connect_failed: No such file or directory
[2024-09-03 09:46:13.051] [error] [console_user_server] grabber_client connect_failed: No such file or directory
[2024-09-03 09:46:14.122] [error] [console_user_server] grabber_client connect_failed: No such file or directory
[2024-09-03 09:46:15.195] [error] [console_user_server] grabber_client connect_failed: No such file or directory
[2024-09-03 09:46:16.250] [error] [console_user_server] grabber_client connect_failed: No such file or directory
[2024-09-03 09:46:17.322] [error] [console_user_server] grabber_client connect_failed: No such file or directory
[2024-09-03 09:46:18.395] [error] [console_user_server] grabber_client connect_failed: No such file or directory
[2024-09-03 09:46:19.426] [error] [console_user_server] grabber_client connect_failed: No such file or directory
[2024-09-03 09:46:20.479] [error] [console_user_server] grabber_client connect_failed: No such file or directory
[2024-09-03 09:46:21.552] [error] [console_user_server] grabber_client connect_failed: No such file or directory
[2024-09-03 09:46:22.620] [error] [console_user_server] grabber_client connect_failed: No such file or directory
[2024-09-03 09:46:23.622] [error] [console_user_server] grabber_client connect_failed: No such file or directory
[2024-09-03 09:46:24.646] [error] [console_user_server] grabber_client connect_failed: No such file or directory
[2024-09-03 09:46:25.721] [info] [console_user_server] grabber_client is connected.
[2024-09-03 09:46:25.806] [info] [console_user_server] core_configuration is updated.
[2024-09-03 09:46:56.005] [info] [console_user_server] Check for updates...
[2024-09-03 09:48:57.507] [info] [console_user_server] Load /Users/damonlee/.config/karabiner/karabiner.json...
[2024-09-03 09:49:04.198] [info] [console_user_server] Load /Users/damonlee/.config/karabiner/karabiner.json...
[2024-09-03 09:49:04.199] [info] [console_user_server] core_configuration is updated.
[2024-09-03 09:50:02.649] [info] [console_user_server] version 15.0.0
[2024-09-03 09:50:02.776] [info] [console_user_server] on_console_changed: on_console:true
[2024-09-03 09:50:02.776] [info] [console_user_server] grabber_client is started.
[2024-09-03 09:50:02.776] [info] [console_user_server] grabber_client is connected.
[2024-09-03 09:50:02.803] [info] [console_user_server] Load /Users/damonlee/.config/karabiner/karabiner.json...
[2024-09-03 09:50:02.803] [info] [console_user_server] core_configuration is updated.
[2024-09-03 09:50:32.893] [info] [console_user_server] Check for updates...
[2024-09-03 09:52:37.611] [info] [console_user_server] Load /Users/damonlee/.config/karabiner/karabiner.json...
[2024-09-03 09:52:37.612] [info] [console_user_server] core_configuration is updated.
[2024-09-03 09:55:21.893] [info] [console_user_server] Load /Users/damonlee/.config/karabiner/karabiner.json...
[2024-09-03 09:55:21.894] [info] [console_user_server] core_configuration is updated.
[2024-09-03 09:55:32.979] [info] [console_user_server] Load /Users/damonlee/.config/karabiner/karabiner.json...
[2024-09-03 09:55:32.980] [info] [console_user_server] core_configuration is updated.
[2024-09-03 09:55:39.221] [info] [console_user_server] version 15.0.0
[2024-09-03 09:55:39.346] [info] [console_user_server] on_console_changed: on_console:true
[2024-09-03 09:55:39.346] [info] [console_user_server] grabber_client is started.
[2024-09-03 09:55:39.346] [info] [console_user_server] grabber_client is connected.
[2024-09-03 09:55:39.374] [info] [console_user_server] Load /Users/damonlee/.config/karabiner/karabiner.json...
[2024-09-03 09:55:39.374] [info] [console_user_server] core_configuration is updated.
[2024-09-03 09:56:09.418] [info] [console_user_server] Check for updates...
[2024-09-04 09:43:19.045] [info] [console_user_server] version 15.0.0
[2024-09-04 09:43:20.325] [info] [console_user_server] on_console_changed: on_console:true
[2024-09-04 09:43:20.339] [info] [console_user_server] grabber_client is started.
[2024-09-04 09:43:20.340] [info] [console_user_server] grabber_client is connected.
[2024-09-04 09:43:20.432] [info] [console_user_server] Load /Users/damonlee/.config/karabiner/karabiner.json...
[2024-09-04 09:43:20.441] [info] [console_user_server] core_configuration is updated.
[2024-09-04 09:43:51.061] [info] [console_user_server] Check for updates...
[2024-09-05 12:56:40.782] [info] [console_user_server] version 15.0.0
[2024-09-05 12:56:41.692] [info] [console_user_server] on_console_changed: on_console:true
[2024-09-05 12:56:41.694] [info] [console_user_server] grabber_client is started.
[2024-09-05 12:56:41.694] [info] [console_user_server] grabber_client is connected.
[2024-09-05 12:56:41.760] [info] [console_user_server] Load /Users/damonlee/.config/karabiner/karabiner.json...
[2024-09-05 12:56:41.765] [info] [console_user_server] core_configuration is updated.
[2024-09-05 12:57:11.969] [info] [console_user_server] Check for updates...
[2024-09-06 09:27:42.101] [info] [console_user_server] version 15.0.0
[2024-09-06 09:27:42.985] [info] [console_user_server] on_console_changed: on_console:true
[2024-09-06 09:27:42.987] [info] [console_user_server] grabber_client is started.
[2024-09-06 09:27:42.988] [info] [console_user_server] grabber_client is connected.
[2024-09-06 09:27:43.029] [info] [console_user_server] Load /Users/damonlee/.config/karabiner/karabiner.json...
[2024-09-06 09:27:43.030] [info] [console_user_server] core_configuration is updated.
[2024-09-06 09:28:13.096] [info] [console_user_server] Check for updates...
[2024-09-06 16:50:44.992] [info] [console_user_server] version 15.0.0
[2024-09-06 16:50:46.659] [info] [console_user_server] on_console_changed: on_console:true
[2024-09-06 16:50:46.665] [info] [console_user_server] grabber_client is started.
[2024-09-06 16:50:46.666] [info] [console_user_server] grabber_client is connected.
[2024-09-06 16:50:46.875] [info] [console_user_server] Load /Users/damonlee/.config/karabiner/karabiner.json...
[2024-09-06 16:50:46.943] [info] [console_user_server] core_configuration is updated.
[2024-09-06 16:51:17.090] [info] [console_user_server] Check for updates...
[2024-09-08 17:02:27.095] [error] [console_user_server] grabber_client error: Connection reset by peer
[2024-09-08 17:02:27.095] [info] [console_user_server] grabber_client is closed.
[2024-09-08 17:02:28.243] [info] [console_user_server] grabber_client is connected.
[2024-09-08 17:02:28.249] [info] [console_user_server] Load /Users/damonlee/.config/karabiner/karabiner.json...
[2024-09-08 17:02:28.250] [info] [console_user_server] core_configuration is updated.
[2024-09-08 17:02:59.401] [info] [console_user_server] Check for updates...
[2024-09-09 09:07:18.670] [info] [console_user_server] version 15.0.0
[2024-09-09 09:07:26.492] [info] [console_user_server] on_console_changed: on_console:true
[2024-09-09 09:07:26.501] [info] [console_user_server] grabber_client is started.
[2024-09-09 09:07:26.502] [info] [console_user_server] grabber_client is connected.
[2024-09-09 09:07:26.626] [info] [console_user_server] Load /Users/damonlee/.config/karabiner/karabiner.json...
[2024-09-09 09:07:26.629] [info] [console_user_server] core_configuration is updated.
[2024-09-09 09:07:57.150] [info] [console_user_server] Check for updates...
[2024-09-11 09:41:08.726] [info] [console_user_server] version 15.0.0
[2024-09-11 09:41:13.710] [info] [console_user_server] on_console_changed: on_console:true
[2024-09-11 09:41:13.750] [info] [console_user_server] grabber_client is started.
[2024-09-11 09:41:13.752] [info] [console_user_server] grabber_client is connected.
[2024-09-11 09:41:14.281] [info] [console_user_server] Load /Users/damonlee/.config/karabiner/karabiner.json...
[2024-09-11 09:41:14.338] [info] [console_user_server] core_configuration is updated.
[2024-09-11 09:41:45.813] [info] [console_user_server] Check for updates...
[2024-09-12 09:48:15.761] [info] [console_user_server] Load /Users/damonlee/.config/karabiner/karabiner.json...
[2024-09-12 09:48:15.764] [info] [console_user_server] core_configuration is updated.
[2024-09-12 09:48:37.845] [info] [console_user_server] Load /Users/damonlee/.config/karabiner/karabiner.json...
[2024-09-12 09:48:37.848] [info] [console_user_server] core_configuration is updated.
[2024-09-12 09:48:51.588] [info] [console_user_server] Load /Users/damonlee/.config/karabiner/karabiner.json...
[2024-09-12 09:48:51.591] [info] [console_user_server] core_configuration is updated.
[2024-09-12 09:49:18.119] [info] [console_user_server] Load /Users/damonlee/.config/karabiner/karabiner.json...
[2024-09-12 09:49:18.120] [info] [console_user_server] core_configuration is updated.
[2024-09-12 09:49:20.687] [info] [console_user_server] Load /Users/damonlee/.config/karabiner/karabiner.json...
[2024-09-12 09:49:20.688] [info] [console_user_server] core_configuration is updated.
[2024-09-12 09:49:30.800] [info] [console_user_server] Load /Users/damonlee/.config/karabiner/karabiner.json...
[2024-09-12 09:49:30.801] [info] [console_user_server] core_configuration is updated.
[2024-09-19 10:02:52.244] [info] [console_user_server] version 15.0.0
[2024-09-19 10:02:55.567] [info] [console_user_server] on_console_changed: on_console:true
[2024-09-19 10:02:55.652] [info] [console_user_server] grabber_client is started.
[2024-09-19 10:02:55.653] [info] [console_user_server] grabber_client is connected.
[2024-09-19 10:02:55.700] [info] [console_user_server] Load /Users/damonlee/.config/karabiner/karabiner.json...
[2024-09-19 10:02:55.728] [info] [console_user_server] core_configuration is updated.
[2024-09-19 10:03:26.046] [info] [console_user_server] Check for updates...
[2024-09-19 10:48:41.582] [info] [console_user_server] Load /Users/damonlee/.config/karabiner/karabiner.json...
[2024-09-19 10:48:41.584] [info] [console_user_server] core_configuration is updated.
[2024-09-19 10:49:29.596] [info] [console_user_server] Load /Users/damonlee/.config/karabiner/karabiner.json...
[2024-09-19 10:49:29.597] [info] [console_user_server] core_configuration is updated.
[2024-09-19 11:30:49.646] [info] [console_user_server] Load /Users/damonlee/.config/karabiner/karabiner.json...
[2024-09-19 11:30:49.647] [info] [console_user_server] core_configuration is updated.
[2024-09-19 11:30:58.944] [info] [console_user_server] Load /Users/damonlee/.config/karabiner/karabiner.json...
[2024-09-19 11:30:58.946] [info] [console_user_server] core_configuration is updated.
[2024-09-19 11:31:27.359] [info] [console_user_server] Load /Users/damonlee/.config/karabiner/karabiner.json...
[2024-09-19 11:31:27.360] [info] [console_user_server] core_configuration is updated.
[2024-09-19 11:34:32.642] [info] [console_user_server] Load /Users/damonlee/.config/karabiner/karabiner.json...
[2024-09-19 11:34:32.644] [info] [console_user_server] core_configuration is updated.
[2024-09-19 11:50:11.293] [info] [console_user_server] version 15.0.0
[2024-09-19 11:50:17.424] [info] [console_user_server] on_console_changed: on_console:true
[2024-09-19 11:50:17.427] [info] [console_user_server] grabber_client is started.
[2024-09-19 11:50:17.428] [info] [console_user_server] grabber_client is connected.
[2024-09-19 11:50:17.606] [info] [console_user_server] Load /Users/damonlee/.config/karabiner/karabiner.json...
[2024-09-19 11:50:17.663] [info] [console_user_server] core_configuration is updated.
[2024-09-19 11:50:49.131] [info] [console_user_server] Check for updates...
[2024-09-21 18:24:11.021] [info] [console_user_server] version 15.0.0
[2024-09-21 18:24:14.520] [info] [console_user_server] on_console_changed: on_console:true
[2024-09-21 18:24:14.746] [info] [console_user_server] grabber_client is started.
[2024-09-21 18:24:14.754] [info] [console_user_server] grabber_client is connected.
[2024-09-21 18:24:14.854] [info] [console_user_server] Load /Users/damonlee/.config/karabiner/karabiner.json...
[2024-09-21 18:24:14.905] [info] [console_user_server] core_configuration is updated.
[2024-09-21 18:24:45.326] [info] [console_user_server] Check for updates...
[2024-09-22 00:13:16.177] [info] [console_user_server] version 15.0.0
[2024-09-22 00:13:18.144] [info] [console_user_server] on_console_changed: on_console:true
[2024-09-22 00:13:18.224] [info] [console_user_server] grabber_client is started.
[2024-09-22 00:13:18.224] [info] [console_user_server] grabber_client is connected.
[2024-09-22 00:13:18.289] [info] [console_user_server] Load /Users/damonlee/.config/karabiner/karabiner.json...
[2024-09-22 00:13:18.510] [info] [console_user_server] core_configuration is updated.
[2024-09-22 00:13:49.502] [info] [console_user_server] Check for updates...
[2024-09-22 12:30:21.947] [info] [console_user_server] version 15.0.0
[2024-09-22 12:30:24.081] [info] [console_user_server] on_console_changed: on_console:true
[2024-09-22 12:30:24.103] [info] [console_user_server] grabber_client is started.
[2024-09-22 12:30:24.103] [info] [console_user_server] grabber_client is connected.
[2024-09-22 12:30:24.144] [info] [console_user_server] Load /Users/damonlee/.config/karabiner/karabiner.json...
[2024-09-22 12:30:24.162] [info] [console_user_server] core_configuration is updated.
[2024-09-22 12:30:54.526] [info] [console_user_server] Check for updates...
[2024-09-23 10:24:15.314] [info] [console_user_server] Load /Users/damonlee/.config/karabiner/karabiner.json...
[2024-09-23 10:24:15.315] [info] [console_user_server] core_configuration is updated.
[2024-09-23 10:24:21.303] [info] [console_user_server] Load /Users/damonlee/.config/karabiner/karabiner.json...
[2024-09-23 10:24:21.305] [info] [console_user_server] core_configuration is updated.
[2024-09-23 10:25:42.189] [info] [console_user_server] Load /Users/damonlee/.config/karabiner/karabiner.json...
[2024-09-23 10:25:42.189] [info] [console_user_server] core_configuration is updated.
[2024-09-23 10:25:51.603] [info] [console_user_server] Load /Users/damonlee/.config/karabiner/karabiner.json...
[2024-09-23 10:25:51.604] [info] [console_user_server] core_configuration is updated.
[2024-09-23 10:26:06.258] [info] [console_user_server] version 15.0.0
[2024-09-23 10:26:06.582] [info] [console_user_server] on_console_changed: on_console:true
[2024-09-23 10:26:06.583] [info] [console_user_server] grabber_client is started.
[2024-09-23 10:26:06.584] [info] [console_user_server] grabber_client is connected.
[2024-09-23 10:26:06.618] [info] [console_user_server] Load /Users/damonlee/.config/karabiner/karabiner.json...
[2024-09-23 10:26:06.618] [info] [console_user_server] core_configuration is updated.
[2024-09-23 10:26:23.340] [info] [console_user_server] Load /Users/damonlee/.config/karabiner/karabiner.json...
[2024-09-23 10:26:23.341] [info] [console_user_server] core_configuration is updated.
[2024-09-23 10:26:27.117] [info] [console_user_server] Load /Users/damonlee/.config/karabiner/karabiner.json...
[2024-09-23 10:26:27.118] [info] [console_user_server] core_configuration is updated.
[2024-09-23 10:26:36.786] [info] [console_user_server] Check for updates...
[2024-09-23 10:26:51.196] [info] [console_user_server] Load /Users/damonlee/.config/karabiner/karabiner.json...
[2024-09-23 10:26:51.197] [info] [console_user_server] core_configuration is updated.
[2024-09-23 10:30:28.454] [info] [console_user_server] version 15.0.0
[2024-09-23 10:30:28.789] [info] [console_user_server] on_console_changed: on_console:true
[2024-09-23 10:30:28.791] [info] [console_user_server] grabber_client is started.
[2024-09-23 10:30:28.791] [info] [console_user_server] grabber_client is connected.
[2024-09-23 10:30:28.824] [info] [console_user_server] Load /Users/damonlee/.config/karabiner/karabiner.json...
[2024-09-23 10:30:28.825] [info] [console_user_server] core_configuration is updated.
[2024-09-23 10:30:59.059] [info] [console_user_server] Check for updates...
[2024-09-24 11:29:14.013] [info] [console_user_server] version 15.0.0
[2024-09-24 11:29:18.894] [info] [console_user_server] on_console_changed: on_console:true
[2024-09-24 11:29:18.977] [info] [console_user_server] grabber_client is started.
[2024-09-24 11:29:18.978] [info] [console_user_server] grabber_client is connected.
[2024-09-24 11:29:19.121] [info] [console_user_server] Load /Users/damonlee/.config/karabiner/karabiner.json...
[2024-09-24 11:29:19.127] [info] [console_user_server] core_configuration is updated.
[2024-09-24 11:29:49.977] [info] [console_user_server] Check for updates...
